<?xml version="1.0" encoding="UTF-8"?>
<testng-results ignored="0" total="1" passed="1" failed="0" skipped="0">
  <reporter-output>
  </reporter-output>
  <suite started-at="2026-06-24T16:20:36 IST" name="Suite" finished-at="2026-06-24T16:20:40 IST" duration-ms="4404">
    <groups>
    </groups>
    <test started-at="2026-06-24T16:20:36 IST" name="Test" finished-at="2026-06-24T16:20:40 IST" duration-ms="4404">
      <class name="tests.CheckoutTest">
        <test-method is-config="true" signature="setup()[pri:0, instance:tests.CheckoutTest@5167f57d]" started-at="2026-06-24T16:20:36 IST" name="setup" finished-at="2026-06-24T16:20:38 IST" duration-ms="2686" status="PASS">
          <reporter-output>
          </reporter-output>
        </test-method> <!-- setup -->
        <test-method signature="verifyCheckout()[pri:0, instance:tests.CheckoutTest@5167f57d]" started-at="2026-06-24T16:20:38 IST" name="verifyCheckout" finished-at="2026-06-24T16:20:40 IST" duration-ms="1376" status="PASS">
          <reporter-output>
          </reporter-output>
        </test-method> <!-- verifyCheckout -->
        <test-method is-config="true" signature="tearDown()[pri:0, instance:tests.CheckoutTest@5167f57d]" started-at="2026-06-24T16:20:40 IST" name="tearDown" finished-at="2026-06-24T16:20:40 IST" duration-ms="279" status="PASS">
          <reporter-output>
          </reporter-output>
        </test-method> <!-- tearDown -->
      </class> <!-- tests.CheckoutTest -->
    </test> <!-- Test -->
  </suite> <!-- Suite -->
</testng-results>
